Release 14.7 - xst P.20131013 (nt64)
Copyright (c) 1995-2013 Xilinx, Inc.  All rights reserved.
--> Parameter TMPDIR set to xst/projnav.tmp


Total REAL time to Xst completion: 1.00 secs
Total CPU time to Xst completion: 0.24 secs
 
--> Parameter xsthdpdir set to xst


Total REAL time to Xst completion: 1.00 secs
Total CPU time to Xst completion: 0.25 secs
 
--> Reading design: main.prj

TABLE OF CONTENTS
  1) Synthesis Options Summary
  2) HDL Compilation
  3) Design Hierarchy Analysis
  4) HDL Analysis
  5) HDL Synthesis
     5.1) HDL Synthesis Report
  6) Advanced HDL Synthesis
     6.1) Advanced HDL Synthesis Report
  7) Low Level Synthesis
  8) Partition Report
  9) Final Report
	9.1) Device utilization summary
	9.2) Partition Resource Summary
	9.3) TIMING REPORT


=========================================================================
*                      Synthesis Options Summary                        *
=========================================================================
---- Source Parameters
Input File Name                    : "main.prj"
Input Format                       : mixed
Ignore Synthesis Constraint File   : NO

---- Target Parameters
Output File Name                   : "main"
Output Format                      : NGC
Target Device                      : xc3s50a-5-tq144

---- Source Options
Top Module Name                    : main
Automatic FSM Extraction           : YES
FSM Encoding Algorithm             : Auto
Safe Implementation                : No
FSM Style                          : LUT
RAM Extraction                     : Yes
RAM Style                          : Auto
ROM Extraction                     : Yes
Mux Style                          : Auto
Decoder Extraction                 : YES
Priority Encoder Extraction        : Yes
Shift Register Extraction          : YES
Logical Shifter Extraction         : YES
XOR Collapsing                     : YES
ROM Style                          : Auto
Mux Extraction                     : Yes
Resource Sharing                   : YES
Asynchronous To Synchronous        : NO
Multiplier Style                   : Auto
Automatic Register Balancing       : No

---- Target Options
Add IO Buffers                     : YES
Global Maximum Fanout              : 500
Add Generic Clock Buffer(BUFG)     : 24
Register Duplication               : YES
Slice Packing                      : YES
Optimize Instantiated Primitives   : NO
Use Clock Enable                   : Yes
Use Synchronous Set                : Yes
Use Synchronous Reset              : Yes
Pack IO Registers into IOBs        : Auto
Equivalent register Removal        : YES

---- General Options
Optimization Goal                  : Speed
Optimization Effort                : 1
Keep Hierarchy                     : No
Netlist Hierarchy                  : As_Optimized
RTL Output                         : Yes
Global Optimization                : AllClockNets
Read Cores                         : YES
Write Timing Constraints           : NO
Cross Clock Analysis               : NO
Hierarchy Separator                : /
Bus Delimiter                      : <>
Case Specifier                     : Maintain
Slice Utilization Ratio            : 100
BRAM Utilization Ratio             : 100
Verilog 2001                       : YES
Auto BRAM Packing                  : NO
Slice Utilization Ratio Delta      : 5

=========================================================================


=========================================================================
*                          HDL Compilation                              *
=========================================================================
Compiling vhdl file "C:/Users/David/Documents/FPGA/CLASE2 PWM/pwm/main.vhd" in Library work.
Architecture behavioral of Entity main is up to date.

=========================================================================
*                     Design Hierarchy Analysis                         *
=========================================================================
Analyzing hierarchy for entity <main> in library <work> (architecture <behavioral>) with generics.
	Resolucion = 8


=========================================================================
*                            HDL Analysis                               *
=========================================================================
Analyzing generic Entity <main> in library <work> (Architecture <behavioral>).
	Resolucion = 8
Entity <main> analyzed. Unit <main> generated.


=========================================================================
*                           HDL Synthesis                               *
=========================================================================

Performing bidirectional port resolution...

Synthesizing Unit <main>.
    Related source file is "C:/Users/David/Documents/FPGA/CLASE2 PWM/pwm/main.vhd".
    Register <Pwm> equivalent to <LED> has been removed
    Found 1-bit register for signal <LED>.
    Found 2-bit register for signal <CG>.
    Found 4-bit up counter for signal <contador>.
    Found 8-bit comparator less for signal <LED$cmp_lt0000> created at line 37.
    Summary:
	inferred   1 Counter(s).
	inferred   3 D-type flip-flop(s).
	inferred   1 Comparator(s).
Unit <main> synthesized.


=========================================================================
HDL Synthesis Report

Macro Statistics
# Counters                                             : 1
 4-bit up counter                                      : 1
# Registers                                            : 2
 1-bit register                                        : 1
 2-bit register                                        : 1
# Comparators                                          : 1
 8-bit comparator less                                 : 1

=========================================================================

=========================================================================
*                       Advanced HDL Synthesis                          *
=========================================================================


=========================================================================
Advanced HDL Synthesis Report

Macro Statistics
# Counters                                             : 1
 4-bit up counter                                      : 1
# Registers                                            : 3
 Flip-Flops                                            : 3
# Comparators                                          : 1
 8-bit comparator less                                 : 1

=========================================================================

=========================================================================
*                         Low Level Synthesis                           *
=========================================================================

Optimizing unit <main> ...

Mapping all equations...
Building and optimizing final netlist ...
Found area constraint ratio of 100 (+ 5) on block main, actual ratio is 1.

Final Macro Processing ...

=========================================================================
Final Register Report

Macro Statistics
# Registers                                            : 7
 Flip-Flops                                            : 7

=========================================================================

=========================================================================
*                           Partition Report                            *
=========================================================================

Partition Implementation Status
-------------------------------

  No Partitions were found in this design.

-------------------------------

=========================================================================
*                            Final Report                               *
=========================================================================
Final Results
RTL Top Level Output File Name     : main.ngr
Top Level Output File Name         : main
Output Format                      : NGC
Optimization Goal                  : Speed
Keep Hierarchy                     : No

Design Statistics
# IOs                              : 14

Cell Usage :
# BELS                             : 19
#      GND                         : 1
#      INV                         : 2
#      LUT2                        : 5
#      LUT3                        : 1
#      LUT4                        : 4
#      MUXCY                       : 5
#      VCC                         : 1
# FlipFlops/Latches                : 7
#      FD                          : 1
#      FDE                         : 1
#      FDR                         : 5
# Clock Buffers                    : 1
#      BUFGP                       : 1
# IO Buffers                       : 13
#      IBUF                        : 9
#      OBUF                        : 4
=========================================================================

Device utilization summary:
---------------------------

Selected Device : 3s50atq144-5 

 Number of Slices:                        7  out of    704     0%  
 Number of Slice Flip Flops:              5  out of   1408     0%  
 Number of 4 input LUTs:                 12  out of   1408     0%  
 Number of IOs:                          14
 Number of bonded IOBs:                  14  out of    108    12%  
    IOB Flip Flops:                       2
 Number of GCLKs:                         1  out of     24     4%  

---------------------------
Partition Resource Summary:
---------------------------

  No Partitions were found in this design.

---------------------------


=========================================================================
TIMING REPORT

NOTE: THESE TIMING NUMBERS ARE ONLY A SYNTHESIS ESTIMATE.
      FOR ACCURATE TIMING INFORMATION PLEASE REFER TO THE TRACE REPORT
      GENERATED AFTER PLACE-and-ROUTE.

Clock Information:
------------------
-----------------------------------+------------------------+-------+
Clock Signal                       | Clock buffer(FF name)  | Load  |
-----------------------------------+------------------------+-------+
Clk                                | BUFGP                  | 7     |
-----------------------------------+------------------------+-------+

Asynchronous Control Signals Information:
----------------------------------------
No asynchronous control signals found in this design

Timing Summary:
---------------
Speed Grade: -5

   Minimum period: 4.095ns (Maximum Frequency: 244.212MHz)
   Minimum input arrival time before clock: 4.220ns
   Maximum output required time after clock: 5.271ns
   Maximum combinational path delay: No path found

Timing Detail:
--------------
All values displayed in nanoseconds (ns)

=========================================================================
Timing constraint: Default period analysis for Clock 'Clk'
  Clock period: 4.095ns (frequency: 244.212MHz)
  Total number of paths / destination ports: 38 / 10
-------------------------------------------------------------------------
Delay:               4.095ns (Levels of Logic = 7)
  Source:            contador_0 (FF)
  Destination:       LED (FF)
  Source Clock:      Clk rising
  Destination Clock: Clk rising

  Data Path: contador_0 to LED
                                Gate     Net
    Cell:in->out      fanout   Delay   Delay  Logical Name (Net Name)
    ----------------------------------------  ------------
     FDR:C->Q              7   0.495   0.668  contador_0 (contador_0)
     LUT2:I1->O            1   0.562   0.000  Mcompar_LED_cmp_lt0000_lut<0> (Mcompar_LED_cmp_lt0000_lut<0>)
     MUXCY:S->O            1   0.523   0.000  Mcompar_LED_cmp_lt0000_cy<0> (Mcompar_LED_cmp_lt0000_cy<0>)
     MUXCY:CI->O           1   0.065   0.000  Mcompar_LED_cmp_lt0000_cy<1> (Mcompar_LED_cmp_lt0000_cy<1>)
     MUXCY:CI->O           1   0.065   0.000  Mcompar_LED_cmp_lt0000_cy<2> (Mcompar_LED_cmp_lt0000_cy<2>)
     MUXCY:CI->O           1   0.065   0.000  Mcompar_LED_cmp_lt0000_cy<3> (Mcompar_LED_cmp_lt0000_cy<3>)
     MUXCY:CI->O           1   0.179   0.357  Mcompar_LED_cmp_lt0000_cy<4> (Mcompar_LED_cmp_lt0000_cy<4>)
     INV:I->O              1   0.562   0.357  Mcompar_LED_cmp_lt0000_cy<4>_inv_INV_0 (LED_cmp_lt0000)
     FDE:D                     0.197          LED
    ----------------------------------------
    Total                      4.095ns (2.713ns logic, 1.382ns route)
                                       (66.3% logic, 33.7% route)

=========================================================================
Timing constraint: Default OFFSET IN BEFORE for Clock 'Clk'
  Total number of paths / destination ports: 10 / 3
-------------------------------------------------------------------------
Offset:              4.220ns (Levels of Logic = 8)
  Source:            Set<0> (PAD)
  Destination:       LED (FF)
  Destination Clock: Clk rising

  Data Path: Set<0> to LED
                                Gate     Net
    Cell:in->out      fanout   Delay   Delay  Logical Name (Net Name)
    ----------------------------------------  ------------
     IBUF:I->O             1   0.824   0.465  Set_0_IBUF (Set_0_IBUF)
     LUT2:I0->O            1   0.561   0.000  Mcompar_LED_cmp_lt0000_lut<0> (Mcompar_LED_cmp_lt0000_lut<0>)
     MUXCY:S->O            1   0.523   0.000  Mcompar_LED_cmp_lt0000_cy<0> (Mcompar_LED_cmp_lt0000_cy<0>)
     MUXCY:CI->O           1   0.065   0.000  Mcompar_LED_cmp_lt0000_cy<1> (Mcompar_LED_cmp_lt0000_cy<1>)
     MUXCY:CI->O           1   0.065   0.000  Mcompar_LED_cmp_lt0000_cy<2> (Mcompar_LED_cmp_lt0000_cy<2>)
     MUXCY:CI->O           1   0.065   0.000  Mcompar_LED_cmp_lt0000_cy<3> (Mcompar_LED_cmp_lt0000_cy<3>)
     MUXCY:CI->O           1   0.179   0.357  Mcompar_LED_cmp_lt0000_cy<4> (Mcompar_LED_cmp_lt0000_cy<4>)
     INV:I->O              1   0.562   0.357  Mcompar_LED_cmp_lt0000_cy<4>_inv_INV_0 (LED_cmp_lt0000)
     FDE:D                     0.197          LED
    ----------------------------------------
    Total                      4.220ns (3.041ns logic, 1.179ns route)
                                       (72.1% logic, 27.9% route)

=========================================================================
Timing constraint: Default OFFSET OUT AFTER for Clock 'Clk'
  Total number of paths / destination ports: 4 / 4
-------------------------------------------------------------------------
Offset:              5.271ns (Levels of Logic = 1)
  Source:            LED (FF)
  Destination:       Pwm (PAD)
  Source Clock:      Clk rising

  Data Path: LED to Pwm
                                Gate     Net
    Cell:in->out      fanout   Delay   Delay  Logical Name (Net Name)
    ----------------------------------------  ------------
     FDE:C->Q              2   0.495   0.380  LED (LED_OBUF)
     OBUF:I->O                 4.396          Pwm_OBUF (Pwm)
    ----------------------------------------
    Total                      5.271ns (4.891ns logic, 0.380ns route)
                                       (92.8% logic, 7.2% route)

=========================================================================


Total REAL time to Xst completion: 7.00 secs
Total CPU time to Xst completion: 6.32 secs
 
--> 

Total memory usage is 4550156 kilobytes

Number of errors   :    0 (   0 filtered)
Number of warnings :    0 (   0 filtered)
Number of infos    :    0 (   0 filtered)

