Release 14.7 - xst P.20131013 (nt64)
Copyright (c) 1995-2013 Xilinx, Inc.  All rights reserved.
--> Parameter TMPDIR set to xst/projnav.tmp


Total REAL time to Xst completion: 0.00 secs
Total CPU time to Xst completion: 0.14 secs
 
--> Parameter xsthdpdir set to xst


Total REAL time to Xst completion: 0.00 secs
Total CPU time to Xst completion: 0.14 secs
 
--> Reading design: Proyecto.prj

TABLE OF CONTENTS
  1) Synthesis Options Summary
  2) HDL Compilation
  3) Design Hierarchy Analysis
  4) HDL Analysis
  5) HDL Synthesis
     5.1) HDL Synthesis Report
  6) Advanced HDL Synthesis
     6.1) Advanced HDL Synthesis Report
  7) Low Level Synthesis
  8) Partition Report
  9) Final Report
	9.1) Device utilization summary
	9.2) Partition Resource Summary
	9.3) TIMING REPORT


=========================================================================
*                      Synthesis Options Summary                        *
=========================================================================
---- Source Parameters
Input File Name                    : "Proyecto.prj"
Input Format                       : mixed
Ignore Synthesis Constraint File   : NO

---- Target Parameters
Output File Name                   : "Proyecto"
Output Format                      : NGC
Target Device                      : xc3s50a-5-tq144

---- Source Options
Top Module Name                    : Proyecto
Automatic FSM Extraction           : YES
FSM Encoding Algorithm             : Auto
Safe Implementation                : No
FSM Style                          : LUT
RAM Extraction                     : Yes
RAM Style                          : Auto
ROM Extraction                     : Yes
Mux Style                          : Auto
Decoder Extraction                 : YES
Priority Encoder Extraction        : Yes
Shift Register Extraction          : YES
Logical Shifter Extraction         : YES
XOR Collapsing                     : YES
ROM Style                          : Auto
Mux Extraction                     : Yes
Resource Sharing                   : YES
Asynchronous To Synchronous        : NO
Multiplier Style                   : Auto
Automatic Register Balancing       : No

---- Target Options
Add IO Buffers                     : YES
Global Maximum Fanout              : 100000
Add Generic Clock Buffer(BUFG)     : 24
Register Duplication               : YES
Slice Packing                      : YES
Optimize Instantiated Primitives   : NO
Use Clock Enable                   : Yes
Use Synchronous Set                : Yes
Use Synchronous Reset              : Yes
Pack IO Registers into IOBs        : Auto
Equivalent register Removal        : YES

---- General Options
Optimization Goal                  : Speed
Optimization Effort                : 1
Keep Hierarchy                     : No
Netlist Hierarchy                  : As_Optimized
RTL Output                         : Yes
Global Optimization                : AllClockNets
Read Cores                         : YES
Write Timing Constraints           : NO
Cross Clock Analysis               : NO
Hierarchy Separator                : /
Bus Delimiter                      : <>
Case Specifier                     : Maintain
Slice Utilization Ratio            : 100
BRAM Utilization Ratio             : 100
Verilog 2001                       : YES
Auto BRAM Packing                  : NO
Slice Utilization Ratio Delta      : 5

=========================================================================


=========================================================================
*                          HDL Compilation                              *
=========================================================================
Compiling vhdl file "C:/Users/David/Documents/FPGA/Primera practica/ProyectoC/Proyecto.vhd" in Library work.
Entity <proyecto> compiled.
Entity <proyecto> (Architecture <behavioral>) compiled.

=========================================================================
*                     Design Hierarchy Analysis                         *
=========================================================================
Analyzing hierarchy for entity <Proyecto> in library <work> (architecture <behavioral>).


=========================================================================
*                            HDL Analysis                               *
=========================================================================
Analyzing Entity <Proyecto> in library <work> (Architecture <behavioral>).
Entity <Proyecto> analyzed. Unit <Proyecto> generated.


=========================================================================
*                           HDL Synthesis                               *
=========================================================================

Performing bidirectional port resolution...

Synthesizing Unit <Proyecto>.
    Related source file is "C:/Users/David/Documents/FPGA/Primera practica/ProyectoC/Proyecto.vhd".
    Found 16x7-bit ROM for signal <DISPLAY>.
    Found 4-bit up counter for signal <CONTA_DECENAS>.
    Found 26-bit up counter for signal <CONTA_RETRASO>.
    Found 19-bit up counter for signal <CONTA_SWITCH>.
    Found 4-bit up counter for signal <CONTA_UNIDADES>.
    Found 1-bit register for signal <EDO_P<0>>.
    Summary:
	inferred   1 ROM(s).
	inferred   4 Counter(s).
	inferred   1 D-type flip-flop(s).
Unit <Proyecto> synthesized.


=========================================================================
HDL Synthesis Report

Macro Statistics
# ROMs                                                 : 1
 16x7-bit ROM                                          : 1
# Counters                                             : 4
 19-bit up counter                                     : 1
 26-bit up counter                                     : 1
 4-bit up counter                                      : 2
# Registers                                            : 1
 1-bit register                                        : 1

=========================================================================

=========================================================================
*                       Advanced HDL Synthesis                          *
=========================================================================


=========================================================================
Advanced HDL Synthesis Report

Macro Statistics
# ROMs                                                 : 1
 16x7-bit ROM                                          : 1
# Counters                                             : 4
 19-bit up counter                                     : 1
 26-bit up counter                                     : 1
 4-bit up counter                                      : 2
# Registers                                            : 1
 Flip-Flops                                            : 1

=========================================================================

=========================================================================
*                         Low Level Synthesis                           *
=========================================================================

Optimizing unit <Proyecto> ...

Mapping all equations...
Building and optimizing final netlist ...
Found area constraint ratio of 100 (+ 5) on block Proyecto, actual ratio is 6.

Final Macro Processing ...

=========================================================================
Final Register Report

Macro Statistics
# Registers                                            : 54
 Flip-Flops                                            : 54

=========================================================================

=========================================================================
*                           Partition Report                            *
=========================================================================

Partition Implementation Status
-------------------------------

  No Partitions were found in this design.

-------------------------------

=========================================================================
*                            Final Report                               *
=========================================================================
Final Results
RTL Top Level Output File Name     : Proyecto.ngr
Top Level Output File Name         : Proyecto
Output Format                      : NGC
Optimization Goal                  : Speed
Keep Hierarchy                     : No

Design Statistics
# IOs                              : 12

Cell Usage :
# BELS                             : 187
#      GND                         : 1
#      INV                         : 5
#      LUT1                        : 43
#      LUT2                        : 4
#      LUT2_D                      : 1
#      LUT3                        : 9
#      LUT4                        : 22
#      LUT4_L                      : 1
#      MUXCY                       : 55
#      VCC                         : 1
#      XORCY                       : 45
# FlipFlops/Latches                : 54
#      FDE                         : 1
#      FDR                         : 19
#      FDRE                        : 34
# Clock Buffers                    : 1
#      BUFGP                       : 1
# IO Buffers                       : 11
#      IBUF                        : 2
#      OBUF                        : 9
=========================================================================

Device utilization summary:
---------------------------

Selected Device : 3s50atq144-5 

 Number of Slices:                       44  out of    704     6%  
 Number of Slice Flip Flops:             54  out of   1408     3%  
 Number of 4 input LUTs:                 85  out of   1408     6%  
 Number of IOs:                          12
 Number of bonded IOBs:                  12  out of    108    11%  
 Number of GCLKs:                         1  out of     24     4%  

---------------------------
Partition Resource Summary:
---------------------------

  No Partitions were found in this design.

---------------------------


=========================================================================
TIMING REPORT

NOTE: THESE TIMING NUMBERS ARE ONLY A SYNTHESIS ESTIMATE.
      FOR ACCURATE TIMING INFORMATION PLEASE REFER TO THE TRACE REPORT
      GENERATED AFTER PLACE-and-ROUTE.

Clock Information:
------------------
-----------------------------------+------------------------+-------+
Clock Signal                       | Clock buffer(FF name)  | Load  |
-----------------------------------+------------------------+-------+
CLK                                | BUFGP                  | 54    |
-----------------------------------+------------------------+-------+

Asynchronous Control Signals Information:
----------------------------------------
No asynchronous control signals found in this design

Timing Summary:
---------------
Speed Grade: -5

   Minimum period: 5.235ns (Maximum Frequency: 191.034MHz)
   Minimum input arrival time before clock: 5.865ns
   Maximum output required time after clock: 7.756ns
   Maximum combinational path delay: No path found

Timing Detail:
--------------
All values displayed in nanoseconds (ns)

=========================================================================
Timing constraint: Default period analysis for Clock 'CLK'
  Clock period: 5.235ns (frequency: 191.034MHz)
  Total number of paths / destination ports: 2098 / 116
-------------------------------------------------------------------------
Delay:               5.235ns (Levels of Logic = 9)
  Source:            CONTA_RETRASO_7 (FF)
  Destination:       CONTA_RETRASO_0 (FF)
  Source Clock:      CLK rising
  Destination Clock: CLK rising

  Data Path: CONTA_RETRASO_7 to CONTA_RETRASO_0
                                Gate     Net
    Cell:in->out      fanout   Delay   Delay  Logical Name (Net Name)
    ----------------------------------------  ------------
     FDRE:C->Q             2   0.495   0.488  CONTA_RETRASO_7 (CONTA_RETRASO_7)
     LUT3:I0->O            1   0.561   0.000  CONTA_DECENAS_or000011_wg_lut<0> (CONTA_DECENAS_or000011_wg_lut<0>)
     MUXCY:S->O            1   0.523   0.000  CONTA_DECENAS_or000011_wg_cy<0> (CONTA_DECENAS_or000011_wg_cy<0>)
     MUXCY:CI->O           1   0.065   0.000  CONTA_DECENAS_or000011_wg_cy<1> (CONTA_DECENAS_or000011_wg_cy<1>)
     MUXCY:CI->O           1   0.065   0.000  CONTA_DECENAS_or000011_wg_cy<2> (CONTA_DECENAS_or000011_wg_cy<2>)
     MUXCY:CI->O           1   0.065   0.000  CONTA_DECENAS_or000011_wg_cy<3> (CONTA_DECENAS_or000011_wg_cy<3>)
     MUXCY:CI->O           1   0.065   0.000  CONTA_DECENAS_or000011_wg_cy<4> (CONTA_DECENAS_or000011_wg_cy<4>)
     MUXCY:CI->O           1   0.065   0.000  CONTA_DECENAS_or000011_wg_cy<5> (CONTA_DECENAS_or000011_wg_cy<5>)
     MUXCY:CI->O           8   0.065   0.709  CONTA_DECENAS_or000011_wg_cy<6> (CONTA_DECENAS_or000011_wg_cy<6>)
     LUT2:I1->O           26   0.562   1.071  CONTA_RETRASO_or00001 (CONTA_RETRASO_or0000)
     FDRE:R                    0.435          CONTA_RETRASO_0
    ----------------------------------------
    Total                      5.235ns (2.966ns logic, 2.269ns route)
                                       (56.7% logic, 43.3% route)

=========================================================================
Timing constraint: Default OFFSET IN BEFORE for Clock 'CLK'
  Total number of paths / destination ports: 102 / 68
-------------------------------------------------------------------------
Offset:              5.865ns (Levels of Logic = 4)
  Source:            INI (PAD)
  Destination:       CONTA_RETRASO_0 (FF)
  Destination Clock: CLK rising

  Data Path: INI to CONTA_RETRASO_0
                                Gate     Net
    Cell:in->out      fanout   Delay   Delay  Logical Name (Net Name)
    ----------------------------------------  ------------
     IBUF:I->O            27   0.824   1.180  INI_IBUF (INI_IBUF)
     LUT4:I0->O            1   0.561   0.000  CONTA_DECENAS_or000011_wg_lut<6> (CONTA_DECENAS_or000011_wg_lut<6>)
     MUXCY:S->O            8   0.523   0.709  CONTA_DECENAS_or000011_wg_cy<6> (CONTA_DECENAS_or000011_wg_cy<6>)
     LUT2:I1->O           26   0.562   1.071  CONTA_RETRASO_or00001 (CONTA_RETRASO_or0000)
     FDRE:R                    0.435          CONTA_RETRASO_0
    ----------------------------------------
    Total                      5.865ns (2.905ns logic, 2.960ns route)
                                       (49.5% logic, 50.5% route)

=========================================================================
Timing constraint: Default OFFSET OUT AFTER for Clock 'CLK'
  Total number of paths / destination ports: 86 / 9
-------------------------------------------------------------------------
Offset:              7.756ns (Levels of Logic = 3)
  Source:            EDO_P_0 (FF)
  Destination:       DISPLAY<6> (PAD)
  Source Clock:      CLK rising

  Data Path: EDO_P_0 to DISPLAY<6>
                                Gate     Net
    Cell:in->out      fanout   Delay   Delay  Logical Name (Net Name)
    ----------------------------------------  ------------
     FDE:C->Q              6   0.495   0.677  EDO_P_0 (EDO_P_0)
     LUT3:I0->O            7   0.561   0.710  CONTADOR_PRINCIPAL<3>1 (CONTADOR_PRINCIPAL<3>)
     LUT4:I0->O            1   0.561   0.357  Mrom_DISPLAY61 (DISPLAY_6_OBUF)
     OBUF:I->O                 4.396          DISPLAY_6_OBUF (DISPLAY<6>)
    ----------------------------------------
    Total                      7.756ns (6.013ns logic, 1.743ns route)
                                       (77.5% logic, 22.5% route)

=========================================================================


Total REAL time to Xst completion: 5.00 secs
Total CPU time to Xst completion: 4.71 secs
 
--> 

Total memory usage is 4550152 kilobytes

Number of errors   :    0 (   0 filtered)
Number of warnings :    0 (   0 filtered)
Number of infos    :    0 (   0 filtered)

