Release 14.7 - xst P.20131013 (nt64)
Copyright (c) 1995-2013 Xilinx, Inc.  All rights reserved.
--> Parameter TMPDIR set to xst/projnav.tmp


Total REAL time to Xst completion: 1.00 secs
Total CPU time to Xst completion: 0.11 secs
 
--> Parameter xsthdpdir set to xst


Total REAL time to Xst completion: 1.00 secs
Total CPU time to Xst completion: 0.11 secs
 
--> Reading design: CONTA_8_BITS.prj

TABLE OF CONTENTS
  1) Synthesis Options Summary
  2) HDL Compilation
  3) Design Hierarchy Analysis
  4) HDL Analysis
  5) HDL Synthesis
     5.1) HDL Synthesis Report
  6) Advanced HDL Synthesis
     6.1) Advanced HDL Synthesis Report
  7) Low Level Synthesis
  8) Partition Report
  9) Final Report
	9.1) Device utilization summary
	9.2) Partition Resource Summary
	9.3) TIMING REPORT


=========================================================================
*                      Synthesis Options Summary                        *
=========================================================================
---- Source Parameters
Input File Name                    : "CONTA_8_BITS.prj"
Input Format                       : mixed
Ignore Synthesis Constraint File   : NO

---- Target Parameters
Output File Name                   : "CONTA_8_BITS"
Output Format                      : NGC
Target Device                      : xc3s50a-5-tq144

---- Source Options
Top Module Name                    : CONTA_8_BITS
Automatic FSM Extraction           : YES
FSM Encoding Algorithm             : Auto
Safe Implementation                : No
FSM Style                          : LUT
RAM Extraction                     : Yes
RAM Style                          : Auto
ROM Extraction                     : Yes
Mux Style                          : Auto
Decoder Extraction                 : YES
Priority Encoder Extraction        : Yes
Shift Register Extraction          : YES
Logical Shifter Extraction         : YES
XOR Collapsing                     : YES
ROM Style                          : Auto
Mux Extraction                     : Yes
Resource Sharing                   : YES
Asynchronous To Synchronous        : NO
Multiplier Style                   : Auto
Automatic Register Balancing       : No

---- Target Options
Add IO Buffers                     : YES
Global Maximum Fanout              : 100000
Add Generic Clock Buffer(BUFG)     : 24
Register Duplication               : YES
Slice Packing                      : YES
Optimize Instantiated Primitives   : NO
Use Clock Enable                   : Yes
Use Synchronous Set                : Yes
Use Synchronous Reset              : Yes
Pack IO Registers into IOBs        : Auto
Equivalent register Removal        : YES

---- General Options
Optimization Goal                  : Speed
Optimization Effort                : 1
Keep Hierarchy                     : No
Netlist Hierarchy                  : As_Optimized
RTL Output                         : Yes
Global Optimization                : AllClockNets
Read Cores                         : YES
Write Timing Constraints           : NO
Cross Clock Analysis               : NO
Hierarchy Separator                : /
Bus Delimiter                      : <>
Case Specifier                     : Maintain
Slice Utilization Ratio            : 100
BRAM Utilization Ratio             : 100
Verilog 2001                       : YES
Auto BRAM Packing                  : NO
Slice Utilization Ratio Delta      : 5

=========================================================================


=========================================================================
*                          HDL Compilation                              *
=========================================================================
Compiling vhdl file "C:/Users/dey_d/Documents/FPGA/8 bits/Contador/Contador.vhd" in Library work.
Architecture behavioral of Entity conta_8_bits is up to date.

=========================================================================
*                     Design Hierarchy Analysis                         *
=========================================================================
Analyzing hierarchy for entity <CONTA_8_BITS> in library <work> (architecture <behavioral>).


=========================================================================
*                            HDL Analysis                               *
=========================================================================
Analyzing Entity <CONTA_8_BITS> in library <work> (Architecture <behavioral>).
Entity <CONTA_8_BITS> analyzed. Unit <CONTA_8_BITS> generated.


=========================================================================
*                           HDL Synthesis                               *
=========================================================================

Performing bidirectional port resolution...

Synthesizing Unit <CONTA_8_BITS>.
    Related source file is "C:/Users/dey_d/Documents/FPGA/8 bits/Contador/Contador.vhd".
    Found 4-bit up counter for signal <CONTADOR>.
    Found 4-bit down counter for signal <CONTADOR2>.
    Found 23-bit up counter for signal <DELAY>.
    Found 21-bit up counter for signal <DELAY2>.
    Summary:
	inferred   4 Counter(s).
Unit <CONTA_8_BITS> synthesized.


=========================================================================
HDL Synthesis Report

Macro Statistics
# Counters                                             : 4
 21-bit up counter                                     : 1
 23-bit up counter                                     : 1
 4-bit down counter                                    : 1
 4-bit up counter                                      : 1

=========================================================================

=========================================================================
*                       Advanced HDL Synthesis                          *
=========================================================================


=========================================================================
Advanced HDL Synthesis Report

Macro Statistics
# Counters                                             : 4
 21-bit up counter                                     : 1
 23-bit up counter                                     : 1
 4-bit down counter                                    : 1
 4-bit up counter                                      : 1

=========================================================================

=========================================================================
*                         Low Level Synthesis                           *
=========================================================================

Optimizing unit <CONTA_8_BITS> ...

Mapping all equations...
Building and optimizing final netlist ...
Found area constraint ratio of 100 (+ 5) on block CONTA_8_BITS, actual ratio is 5.

Final Macro Processing ...

=========================================================================
Final Register Report

Macro Statistics
# Registers                                            : 52
 Flip-Flops                                            : 52

=========================================================================

=========================================================================
*                           Partition Report                            *
=========================================================================

Partition Implementation Status
-------------------------------

  No Partitions were found in this design.

-------------------------------

=========================================================================
*                            Final Report                               *
=========================================================================
Final Results
RTL Top Level Output File Name     : CONTA_8_BITS.ngr
Top Level Output File Name         : CONTA_8_BITS
Output Format                      : NGC
Optimization Goal                  : Speed
Keep Hierarchy                     : No

Design Statistics
# IOs                              : 21

Cell Usage :
# BELS                             : 172
#      GND                         : 1
#      INV                         : 4
#      LUT1                        : 43
#      LUT2                        : 4
#      LUT3                        : 5
#      LUT4                        : 14
#      LUT4_L                      : 2
#      MUXCY                       : 54
#      VCC                         : 1
#      XORCY                       : 44
# FlipFlops/Latches                : 52
#      FDR                         : 44
#      FDRE                        : 4
#      FDSE                        : 4
# Clock Buffers                    : 1
#      BUFGP                       : 1
# IO Buffers                       : 20
#      IBUF                        : 4
#      OBUF                        : 16
=========================================================================

Device utilization summary:
---------------------------

Selected Device : 3s50atq144-5 

 Number of Slices:                       37  out of    704     5%  
 Number of Slice Flip Flops:             52  out of   1408     3%  
 Number of 4 input LUTs:                 72  out of   1408     5%  
 Number of IOs:                          21
 Number of bonded IOBs:                  21  out of    108    19%  
 Number of GCLKs:                         1  out of     24     4%  

---------------------------
Partition Resource Summary:
---------------------------

  No Partitions were found in this design.

---------------------------


=========================================================================
TIMING REPORT

NOTE: THESE TIMING NUMBERS ARE ONLY A SYNTHESIS ESTIMATE.
      FOR ACCURATE TIMING INFORMATION PLEASE REFER TO THE TRACE REPORT
      GENERATED AFTER PLACE-and-ROUTE.

Clock Information:
------------------
-----------------------------------+------------------------+-------+
Clock Signal                       | Clock buffer(FF name)  | Load  |
-----------------------------------+------------------------+-------+
CLK                                | BUFGP                  | 52    |
-----------------------------------+------------------------+-------+

Asynchronous Control Signals Information:
----------------------------------------
No asynchronous control signals found in this design

Timing Summary:
---------------
Speed Grade: -5

   Minimum period: 4.998ns (Maximum Frequency: 200.080MHz)
   Minimum input arrival time before clock: 3.477ns
   Maximum output required time after clock: 5.460ns
   Maximum combinational path delay: No path found

Timing Detail:
--------------
All values displayed in nanoseconds (ns)

=========================================================================
Timing constraint: Default period analysis for Clock 'CLK'
  Clock period: 4.998ns (frequency: 200.080MHz)
  Total number of paths / destination ports: 1881 / 112
-------------------------------------------------------------------------
Delay:               4.998ns (Levels of Logic = 8)
  Source:            DELAY_8 (FF)
  Destination:       DELAY_0 (FF)
  Source Clock:      CLK rising
  Destination Clock: CLK rising

  Data Path: DELAY_8 to DELAY_0
                                Gate     Net
    Cell:in->out      fanout   Delay   Delay  Logical Name (Net Name)
    ----------------------------------------  ------------
     FDR:C->Q              2   0.495   0.488  DELAY_8 (DELAY_8)
     LUT3:I0->O            1   0.561   0.000  CONTADOR_cmp_eq0001_wg_lut<0> (CONTADOR_cmp_eq0001_wg_lut<0>)
     MUXCY:S->O            1   0.523   0.000  CONTADOR_cmp_eq0001_wg_cy<0> (CONTADOR_cmp_eq0001_wg_cy<0>)
     MUXCY:CI->O           1   0.065   0.000  CONTADOR_cmp_eq0001_wg_cy<1> (CONTADOR_cmp_eq0001_wg_cy<1>)
     MUXCY:CI->O           1   0.065   0.000  CONTADOR_cmp_eq0001_wg_cy<2> (CONTADOR_cmp_eq0001_wg_cy<2>)
     MUXCY:CI->O           1   0.065   0.000  CONTADOR_cmp_eq0001_wg_cy<3> (CONTADOR_cmp_eq0001_wg_cy<3>)
     MUXCY:CI->O           1   0.065   0.000  CONTADOR_cmp_eq0001_wg_cy<4> (CONTADOR_cmp_eq0001_wg_cy<4>)
     MUXCY:CI->O           3   0.179   0.474  CONTADOR_cmp_eq0001_wg_cy<5> (CONTADOR_cmp_eq0001)
     LUT3:I2->O           23   0.561   1.022  DELAY_or00001 (DELAY_or0000)
     FDR:R                     0.435          DELAY_0
    ----------------------------------------
    Total                      4.998ns (3.014ns logic, 1.984ns route)
                                       (60.3% logic, 39.7% route)

=========================================================================
Timing constraint: Default OFFSET IN BEFORE for Clock 'CLK'
  Total number of paths / destination ports: 112 / 60
-------------------------------------------------------------------------
Offset:              3.477ns (Levels of Logic = 3)
  Source:            INI (PAD)
  Destination:       CONTADOR_0 (FF)
  Destination Clock: CLK rising

  Data Path: INI to CONTADOR_0
                                Gate     Net
    Cell:in->out      fanout   Delay   Delay  Logical Name (Net Name)
    ----------------------------------------  ------------
     IBUF:I->O             3   0.824   0.474  INI_IBUF (INI_IBUF)
     LUT4_L:I2->LO         1   0.561   0.123  CONTADOR_or0000_SW0 (N5)
     LUT4:I2->O            4   0.561   0.499  CONTADOR_or0000 (CONTADOR_or0000)
     FDRE:R                    0.435          CONTADOR_0
    ----------------------------------------
    Total                      3.477ns (2.381ns logic, 1.096ns route)
                                       (68.5% logic, 31.5% route)

=========================================================================
Timing constraint: Default OFFSET OUT AFTER for Clock 'CLK'
  Total number of paths / destination ports: 8 / 8
-------------------------------------------------------------------------
Offset:              5.460ns (Levels of Logic = 1)
  Source:            CONTADOR2_0 (FF)
  Destination:       LED2<0> (PAD)
  Source Clock:      CLK rising

  Data Path: CONTADOR2_0 to LED2<0>
                                Gate     Net
    Cell:in->out      fanout   Delay   Delay  Logical Name (Net Name)
    ----------------------------------------  ------------
     FDSE:C->Q             6   0.495   0.569  CONTADOR2_0 (CONTADOR2_0)
     OBUF:I->O                 4.396          LED2_0_OBUF (LED2<0>)
    ----------------------------------------
    Total                      5.460ns (4.891ns logic, 0.569ns route)
                                       (89.6% logic, 10.4% route)

=========================================================================


Total REAL time to Xst completion: 5.00 secs
Total CPU time to Xst completion: 4.75 secs
 
--> 

Total memory usage is 4521452 kilobytes

Number of errors   :    0 (   0 filtered)
Number of warnings :    0 (   0 filtered)
Number of infos    :    0 (   0 filtered)

